2026-02-08 21:48:36,915 - HC_Pipeline - INFO - ==================================================
2026-02-08 21:48:36,915 - HC_Pipeline - INFO - Starting stock price collection
2026-02-12 10:30:51,880 - HC_Pipeline - INFO - ==================================================
2026-02-12 10:30:51,880 - HC_Pipeline - INFO - Starting stock price collection
2026-02-12 11:30:51,546 - HC_Pipeline - INFO - ==================================================
2026-02-12 11:30:51,546 - HC_Pipeline - INFO - Starting news collection
2026-02-12 12:30:51,549 - HC_Pipeline - INFO - ==================================================
2026-02-12 12:30:51,549 - HC_Pipeline - INFO - Starting stock price collection
2026-02-14 18:30:51,546 - HC_Pipeline - INFO - ==================================================
2026-02-14 18:30:51,547 - HC_Pipeline - INFO - Starting stock price collection
2026-02-14 20:30:51,542 - HC_Pipeline - INFO - ==================================================
2026-02-14 20:30:51,542 - HC_Pipeline - INFO - ==================================================
2026-02-14 20:30:51,542 - HC_Pipeline - INFO - ==================================================
2026-02-14 20:30:51,542 - HC_Pipeline - INFO - Starting stock price collection
2026-02-14 20:30:51,543 - HC_Pipeline - INFO - ==================================================
2026-02-14 20:30:51,543 - HC_Pipeline - INFO - Starting news collection
2026-02-14 20:30:51,543 - HC_Pipeline - INFO - Starting ship specification collection
2026-02-14 20:30:51,543 - HC_Pipeline - INFO - Starting deals collection
2026-02-14 20:30:51,571 - HC_Pipeline - INFO - Starting ship specification collection
2026-02-14 20:30:51,579 - HC_Pipeline - INFO - Found 111 ships without specifications
2026-02-14 20:30:52,149 - HC_Pipeline - ERROR - Wikipedia API error for Wonder of the Seas: 403 Client Error: Forbidden for url: https://en.wikipedia.org/w/api.php?action=query&format=json&list=search&srsearch=Wonder+of+the+Seas+Royal+Caribbean+International&srlimit=1
2026-02-14 20:30:52,679 - HC_Pipeline - ERROR - Wikipedia API error for Symphony of the Seas: 403 Client Error: Forbidden for url: https://en.wikipedia.org/w/api.php?action=query&format=json&list=search&srsearch=Symphony+of+the+Seas+Royal+Caribbean+International&srlimit=1
2026-02-14 20:30:53,189 - HC_Pipeline - ERROR - Wikipedia API error for Harmony of the Seas: 403 Client Error: Forbidden for url: https://en.wikipedia.org/w/api.php?action=query&format=json&list=search&srsearch=Harmony+of+the+Seas+Royal+Caribbean+International&srlimit=1
2026-02-14 20:30:53,703 - HC_Pipeline - ERROR - Wikipedia API error for Oasis of the Seas: 403 Client Error: Forbidden for url: https://en.wikipedia.org/w/api.php?action=query&format=json&list=search&srsearch=Oasis+of+the+Seas+Royal+Caribbean+International&srlimit=1
2026-02-14 20:30:54,208 - HC_Pipeline - ERROR - Wikipedia API error for Allure of the Seas: 403 Client Error: Forbidden for url: https://en.wikipedia.org/w/api.php?action=query&format=json&list=search&srsearch=Allure+of+the+Seas+Royal+Caribbean+International&srlimit=1
2026-02-14 20:30:54,729 - HC_Pipeline - ERROR - Wikipedia API error for Quantum of the Seas: 403 Client Error: Forbidden for url: https://en.wikipedia.org/w/api.php?action=query&format=json&list=search&srsearch=Quantum+of+the+Seas+Royal+Caribbean+International&srlimit=1
2026-02-14 20:30:55,256 - HC_Pipeline - ERROR - Wikipedia API error for Anthem of the Seas: 403 Client Error: Forbidden for url: https://en.wikipedia.org/w/api.php?action=query&format=json&list=search&srsearch=Anthem+of+the+Seas+Royal+Caribbean+International&srlimit=1
2026-02-14 20:30:55,789 - HC_Pipeline - ERROR - Wikipedia API error for Ovation of the Seas: 403 Client Error: Forbidden for url: https://en.wikipedia.org/w/api.php?action=query&format=json&list=search&srsearch=Ovation+of+the+Seas+Royal+Caribbean+International&srlimit=1
2026-02-14 20:30:56,294 - HC_Pipeline - ERROR - Wikipedia API error for Spectrum of the Seas: 403 Client Error: Forbidden for url: https://en.wikipedia.org/w/api.php?action=query&format=json&list=search&srsearch=Spectrum+of+the+Seas+Royal+Caribbean+International&srlimit=1
2026-02-14 20:30:56,834 - HC_Pipeline - ERROR - Wikipedia API error for Odyssey of the Seas: 403 Client Error: Forbidden for url: https://en.wikipedia.org/w/api.php?action=query&format=json&list=search&srsearch=Odyssey+of+the+Seas+Royal+Caribbean+International&srlimit=1
2026-02-14 20:30:57,369 - HC_Pipeline - ERROR - Wikipedia API error for Navigator of the Seas: 403 Client Error: Forbidden for url: https://en.wikipedia.org/w/api.php?action=query&format=json&list=search&srsearch=Navigator+of+the+Seas+Royal+Caribbean+International&srlimit=1
2026-02-14 20:30:57,869 - HC_Pipeline - ERROR - Wikipedia API error for Mariner of the Seas: 403 Client Error: Forbidden for url: https://en.wikipedia.org/w/api.php?action=query&format=json&list=search&srsearch=Mariner+of+the+Seas+Royal+Caribbean+International&srlimit=1
2026-02-14 20:30:58,414 - HC_Pipeline - ERROR - Wikipedia API error for Adventure of the Seas: 403 Client Error: Forbidden for url: https://en.wikipedia.org/w/api.php?action=query&format=json&list=search&srsearch=Adventure+of+the+Seas+Royal+Caribbean+International&srlimit=1
2026-02-14 20:30:58,928 - HC_Pipeline - ERROR - Wikipedia API error for Explorer of the Seas: 403 Client Error: Forbidden for url: https://en.wikipedia.org/w/api.php?action=query&format=json&list=search&srsearch=Explorer+of+the+Seas+Royal+Caribbean+International&srlimit=1
2026-02-14 20:30:59,449 - HC_Pipeline - ERROR - Wikipedia API error for Freedom of the Seas: 403 Client Error: Forbidden for url: https://en.wikipedia.org/w/api.php?action=query&format=json&list=search&srsearch=Freedom+of+the+Seas+Royal+Caribbean+International&srlimit=1
2026-02-14 20:30:59,969 - HC_Pipeline - ERROR - Wikipedia API error for Liberty of the Seas: 403 Client Error: Forbidden for url: https://en.wikipedia.org/w/api.php?action=query&format=json&list=search&srsearch=Liberty+of+the+Seas+Royal+Caribbean+International&srlimit=1
2026-02-14 20:31:00,483 - HC_Pipeline - ERROR - Wikipedia API error for Independence of the Seas: 403 Client Error: Forbidden for url: https://en.wikipedia.org/w/api.php?action=query&format=json&list=search&srsearch=Independence+of+the+Seas+Royal+Caribbean+International&srlimit=1
2026-02-14 20:31:00,988 - HC_Pipeline - ERROR - Wikipedia API error for Brilliance of the Seas: 403 Client Error: Forbidden for url: https://en.wikipedia.org/w/api.php?action=query&format=json&list=search&srsearch=Brilliance+of+the+Seas+Royal+Caribbean+International&srlimit=1
2026-02-14 20:31:01,488 - HC_Pipeline - ERROR - Wikipedia API error for Serenade of the Seas: 403 Client Error: Forbidden for url: https://en.wikipedia.org/w/api.php?action=query&format=json&list=search&srsearch=Serenade+of+the+Seas+Royal+Caribbean+International&srlimit=1
2026-02-14 20:31:02,028 - HC_Pipeline - ERROR - Wikipedia API error for Jewel of the Seas: 403 Client Error: Forbidden for url: https://en.wikipedia.org/w/api.php?action=query&format=json&list=search&srsearch=Jewel+of+the+Seas+Royal+Caribbean+International&srlimit=1
2026-02-14 20:31:02,548 - HC_Pipeline - ERROR - Wikipedia API error for Carnival Celebration: 403 Client Error: Forbidden for url: https://en.wikipedia.org/w/api.php?action=query&format=json&list=search&srsearch=Carnival+Celebration+Carnival+Cruise+Line&srlimit=1
2026-02-14 20:31:03,069 - HC_Pipeline - ERROR - Wikipedia API error for Carnival Jubilee: 403 Client Error: Forbidden for url: https://en.wikipedia.org/w/api.php?action=query&format=json&list=search&srsearch=Carnival+Jubilee+Carnival+Cruise+Line&srlimit=1
2026-02-14 20:31:03,541 - HC_Pipeline - ERROR - Wikipedia API error for Mardi Gras: 403 Client Error: Forbidden for url: https://en.wikipedia.org/w/api.php?action=query&format=json&list=search&srsearch=Mardi+Gras+Carnival+Cruise+Line&srlimit=1
2026-02-14 20:31:04,069 - HC_Pipeline - ERROR - Wikipedia API error for Carnival Venezia: 403 Client Error: Forbidden for url: https://en.wikipedia.org/w/api.php?action=query&format=json&list=search&srsearch=Carnival+Venezia+Carnival+Cruise+Line&srlimit=1
2026-02-14 20:31:04,608 - HC_Pipeline - ERROR - Wikipedia API error for Carnival Vista: 403 Client Error: Forbidden for url: https://en.wikipedia.org/w/api.php?action=query&format=json&list=search&srsearch=Carnival+Vista+Carnival+Cruise+Line&srlimit=1
2026-02-14 20:31:05,108 - HC_Pipeline - ERROR - Wikipedia API error for Carnival Horizon: 403 Client Error: Forbidden for url: https://en.wikipedia.org/w/api.php?action=query&format=json&list=search&srsearch=Carnival+Horizon+Carnival+Cruise+Line&srlimit=1
2026-02-14 20:31:05,649 - HC_Pipeline - ERROR - Wikipedia API error for Carnival Panorama: 403 Client Error: Forbidden for url: https://en.wikipedia.org/w/api.php?action=query&format=json&list=search&srsearch=Carnival+Panorama+Carnival+Cruise+Line&srlimit=1
2026-02-14 20:31:06,193 - HC_Pipeline - ERROR - Wikipedia API error for Carnival Breeze: 403 Client Error: Forbidden for url: https://en.wikipedia.org/w/api.php?action=query&format=json&list=search&srsearch=Carnival+Breeze+Carnival+Cruise+Line&srlimit=1
2026-02-14 20:31:06,728 - HC_Pipeline - ERROR - Wikipedia API error for Carnival Magic: 403 Client Error: Forbidden for url: https://en.wikipedia.org/w/api.php?action=query&format=json&list=search&srsearch=Carnival+Magic+Carnival+Cruise+Line&srlimit=1
2026-02-14 20:31:07,234 - HC_Pipeline - ERROR - Wikipedia API error for Carnival Dream: 403 Client Error: Forbidden for url: https://en.wikipedia.org/w/api.php?action=query&format=json&list=search&srsearch=Carnival+Dream+Carnival+Cruise+Line&srlimit=1
2026-02-14 20:31:07,748 - HC_Pipeline - ERROR - Wikipedia API error for Carnival Splendor: 403 Client Error: Forbidden for url: https://en.wikipedia.org/w/api.php?action=query&format=json&list=search&srsearch=Carnival+Splendor+Carnival+Cruise+Line&srlimit=1
2026-02-14 20:31:08,254 - HC_Pipeline - ERROR - Wikipedia API error for Carnival Pride: 403 Client Error: Forbidden for url: https://en.wikipedia.org/w/api.php?action=query&format=json&list=search&srsearch=Carnival+Pride+Carnival+Cruise+Line&srlimit=1
2026-02-14 20:31:08,797 - HC_Pipeline - ERROR - Wikipedia API error for Carnival Legend: 403 Client Error: Forbidden for url: https://en.wikipedia.org/w/api.php?action=query&format=json&list=search&srsearch=Carnival+Legend+Carnival+Cruise+Line&srlimit=1
2026-02-14 20:31:09,297 - HC_Pipeline - ERROR - Wikipedia API error for Carnival Spirit: 403 Client Error: Forbidden for url: https://en.wikipedia.org/w/api.php?action=query&format=json&list=search&srsearch=Carnival+Spirit+Carnival+Cruise+Line&srlimit=1
2026-02-14 20:31:09,828 - HC_Pipeline - ERROR - Wikipedia API error for Carnival Miracle: 403 Client Error: Forbidden for url: https://en.wikipedia.org/w/api.php?action=query&format=json&list=search&srsearch=Carnival+Miracle+Carnival+Cruise+Line&srlimit=1
2026-02-14 20:31:10,333 - HC_Pipeline - ERROR - Wikipedia API error for Carnival Glory: 403 Client Error: Forbidden for url: https://en.wikipedia.org/w/api.php?action=query&format=json&list=search&srsearch=Carnival+Glory+Carnival+Cruise+Line&srlimit=1
2026-02-14 20:31:10,848 - HC_Pipeline - ERROR - Wikipedia API error for Carnival Conquest: 403 Client Error: Forbidden for url: https://en.wikipedia.org/w/api.php?action=query&format=json&list=search&srsearch=Carnival+Conquest+Carnival+Cruise+Line&srlimit=1
2026-02-14 20:31:11,374 - HC_Pipeline - ERROR - Wikipedia API error for Carnival Liberty: 403 Client Error: Forbidden for url: https://en.wikipedia.org/w/api.php?action=query&format=json&list=search&srsearch=Carnival+Liberty+Carnival+Cruise+Line&srlimit=1
2026-02-14 20:31:11,913 - HC_Pipeline - ERROR - Wikipedia API error for Carnival Valor: 403 Client Error: Forbidden for url: https://en.wikipedia.org/w/api.php?action=query&format=json&list=search&srsearch=Carnival+Valor+Carnival+Cruise+Line&srlimit=1
2026-02-14 20:31:12,428 - HC_Pipeline - ERROR - Wikipedia API error for Carnival Freedom: 403 Client Error: Forbidden for url: https://en.wikipedia.org/w/api.php?action=query&format=json&list=search&srsearch=Carnival+Freedom+Carnival+Cruise+Line&srlimit=1
2026-02-14 20:31:12,968 - HC_Pipeline - ERROR - Wikipedia API error for Norwegian Prima: 403 Client Error: Forbidden for url: https://en.wikipedia.org/w/api.php?action=query&format=json&list=search&srsearch=Norwegian+Prima+Norwegian+Cruise+Line&srlimit=1
2026-02-14 20:31:13,502 - HC_Pipeline - ERROR - Wikipedia API error for Norwegian Viva: 403 Client Error: Forbidden for url: https://en.wikipedia.org/w/api.php?action=query&format=json&list=search&srsearch=Norwegian+Viva+Norwegian+Cruise+Line&srlimit=1
2026-02-14 20:31:14,029 - HC_Pipeline - ERROR - Wikipedia API error for Norwegian Encore: 403 Client Error: Forbidden for url: https://en.wikipedia.org/w/api.php?action=query&format=json&list=search&srsearch=Norwegian+Encore+Norwegian+Cruise+Line&srlimit=1
2026-02-14 20:31:14,557 - HC_Pipeline - ERROR - Wikipedia API error for Norwegian Bliss: 403 Client Error: Forbidden for url: https://en.wikipedia.org/w/api.php?action=query&format=json&list=search&srsearch=Norwegian+Bliss+Norwegian+Cruise+Line&srlimit=1
2026-02-14 20:31:15,068 - HC_Pipeline - ERROR - Wikipedia API error for Norwegian Joy: 403 Client Error: Forbidden for url: https://en.wikipedia.org/w/api.php?action=query&format=json&list=search&srsearch=Norwegian+Joy+Norwegian+Cruise+Line&srlimit=1
2026-02-14 20:31:15,608 - HC_Pipeline - ERROR - Wikipedia API error for Norwegian Escape: 403 Client Error: Forbidden for url: https://en.wikipedia.org/w/api.php?action=query&format=json&list=search&srsearch=Norwegian+Escape+Norwegian+Cruise+Line&srlimit=1
2026-02-14 20:31:16,153 - HC_Pipeline - ERROR - Wikipedia API error for Norwegian Getaway: 403 Client Error: Forbidden for url: https://en.wikipedia.org/w/api.php?action=query&format=json&list=search&srsearch=Norwegian+Getaway+Norwegian+Cruise+Line&srlimit=1
2026-02-14 20:31:16,669 - HC_Pipeline - ERROR - Wikipedia API error for Norwegian Breakaway: 403 Client Error: Forbidden for url: https://en.wikipedia.org/w/api.php?action=query&format=json&list=search&srsearch=Norwegian+Breakaway+Norwegian+Cruise+Line&srlimit=1
2026-02-14 20:31:17,208 - HC_Pipeline - ERROR - Wikipedia API error for Norwegian Epic: 403 Client Error: Forbidden for url: https://en.wikipedia.org/w/api.php?action=query&format=json&list=search&srsearch=Norwegian+Epic+Norwegian+Cruise+Line&srlimit=1
2026-02-14 20:31:17,773 - HC_Pipeline - ERROR - Wikipedia API error for Norwegian Jewel: 403 Client Error: Forbidden for url: https://en.wikipedia.org/w/api.php?action=query&format=json&list=search&srsearch=Norwegian+Jewel+Norwegian+Cruise+Line&srlimit=1
2026-02-14 20:31:18,314 - HC_Pipeline - ERROR - Wikipedia API error for Norwegian Pearl: 403 Client Error: Forbidden for url: https://en.wikipedia.org/w/api.php?action=query&format=json&list=search&srsearch=Norwegian+Pearl+Norwegian+Cruise+Line&srlimit=1
2026-02-14 20:31:18,828 - HC_Pipeline - ERROR - Wikipedia API error for Norwegian Gem: 403 Client Error: Forbidden for url: https://en.wikipedia.org/w/api.php?action=query&format=json&list=search&srsearch=Norwegian+Gem+Norwegian+Cruise+Line&srlimit=1
2026-02-14 20:31:19,389 - HC_Pipeline - ERROR - Wikipedia API error for Norwegian Jade: 403 Client Error: Forbidden for url: https://en.wikipedia.org/w/api.php?action=query&format=json&list=search&srsearch=Norwegian+Jade+Norwegian+Cruise+Line&srlimit=1
2026-02-14 20:31:19,940 - HC_Pipeline - ERROR - Wikipedia API error for Norwegian Star: 403 Client Error: Forbidden for url: https://en.wikipedia.org/w/api.php?action=query&format=json&list=search&srsearch=Norwegian+Star+Norwegian+Cruise+Line&srlimit=1
2026-02-14 20:31:20,449 - HC_Pipeline - ERROR - Wikipedia API error for Norwegian Dawn: 403 Client Error: Forbidden for url: https://en.wikipedia.org/w/api.php?action=query&format=json&list=search&srsearch=Norwegian+Dawn+Norwegian+Cruise+Line&srlimit=1
2026-02-14 20:31:20,971 - HC_Pipeline - ERROR - Wikipedia API error for Norwegian Spirit: 403 Client Error: Forbidden for url: https://en.wikipedia.org/w/api.php?action=query&format=json&list=search&srsearch=Norwegian+Spirit+Norwegian+Cruise+Line&srlimit=1
2026-02-14 20:31:21,493 - HC_Pipeline - ERROR - Wikipedia API error for Norwegian Sky: 403 Client Error: Forbidden for url: https://en.wikipedia.org/w/api.php?action=query&format=json&list=search&srsearch=Norwegian+Sky+Norwegian+Cruise+Line&srlimit=1
2026-02-14 20:31:22,008 - HC_Pipeline - ERROR - Wikipedia API error for Norwegian Sun: 403 Client Error: Forbidden for url: https://en.wikipedia.org/w/api.php?action=query&format=json&list=search&srsearch=Norwegian+Sun+Norwegian+Cruise+Line&srlimit=1
2026-02-14 20:31:22,548 - HC_Pipeline - ERROR - Wikipedia API error for Disney Wish: 403 Client Error: Forbidden for url: https://en.wikipedia.org/w/api.php?action=query&format=json&list=search&srsearch=Disney+Wish+Disney+Cruise+Line&srlimit=1
2026-02-14 20:31:23,088 - HC_Pipeline - ERROR - Wikipedia API error for Disney Treasure: 403 Client Error: Forbidden for url: https://en.wikipedia.org/w/api.php?action=query&format=json&list=search&srsearch=Disney+Treasure+Disney+Cruise+Line&srlimit=1
2026-02-14 20:31:23,629 - HC_Pipeline - ERROR - Wikipedia API error for Disney Dream: 403 Client Error: Forbidden for url: https://en.wikipedia.org/w/api.php?action=query&format=json&list=search&srsearch=Disney+Dream+Disney+Cruise+Line&srlimit=1
2026-02-14 20:31:24,149 - HC_Pipeline - ERROR - Wikipedia API error for Disney Fantasy: 403 Client Error: Forbidden for url: https://en.wikipedia.org/w/api.php?action=query&format=json&list=search&srsearch=Disney+Fantasy+Disney+Cruise+Line&srlimit=1
2026-02-14 20:31:24,688 - HC_Pipeline - ERROR - Wikipedia API error for Disney Magic: 403 Client Error: Forbidden for url: https://en.wikipedia.org/w/api.php?action=query&format=json&list=search&srsearch=Disney+Magic+Disney+Cruise+Line&srlimit=1
2026-02-14 20:31:25,218 - HC_Pipeline - ERROR - Wikipedia API error for Disney Wonder: 403 Client Error: Forbidden for url: https://en.wikipedia.org/w/api.php?action=query&format=json&list=search&srsearch=Disney+Wonder+Disney+Cruise+Line&srlimit=1
2026-02-14 20:31:25,743 - HC_Pipeline - ERROR - Wikipedia API error for Discovery Princess: 403 Client Error: Forbidden for url: https://en.wikipedia.org/w/api.php?action=query&format=json&list=search&srsearch=Discovery+Princess+Princess+Cruises&srlimit=1
2026-02-14 20:31:26,258 - HC_Pipeline - ERROR - Wikipedia API error for Enchanted Princess: 403 Client Error: Forbidden for url: https://en.wikipedia.org/w/api.php?action=query&format=json&list=search&srsearch=Enchanted+Princess+Princess+Cruises&srlimit=1
2026-02-14 20:31:26,802 - HC_Pipeline - ERROR - Wikipedia API error for Sky Princess: 403 Client Error: Forbidden for url: https://en.wikipedia.org/w/api.php?action=query&format=json&list=search&srsearch=Sky+Princess+Princess+Cruises&srlimit=1
2026-02-14 20:31:27,318 - HC_Pipeline - ERROR - Wikipedia API error for Majestic Princess: 403 Client Error: Forbidden for url: https://en.wikipedia.org/w/api.php?action=query&format=json&list=search&srsearch=Majestic+Princess+Princess+Cruises&srlimit=1
2026-02-14 20:31:27,827 - HC_Pipeline - ERROR - Wikipedia API error for Regal Princess: 403 Client Error: Forbidden for url: https://en.wikipedia.org/w/api.php?action=query&format=json&list=search&srsearch=Regal+Princess+Princess+Cruises&srlimit=1
2026-02-14 20:31:28,337 - HC_Pipeline - ERROR - Wikipedia API error for Royal Princess: 403 Client Error: Forbidden for url: https://en.wikipedia.org/w/api.php?action=query&format=json&list=search&srsearch=Royal+Princess+Princess+Cruises&srlimit=1
2026-02-14 20:31:28,838 - HC_Pipeline - ERROR - Wikipedia API error for Caribbean Princess: 403 Client Error: Forbidden for url: https://en.wikipedia.org/w/api.php?action=query&format=json&list=search&srsearch=Caribbean+Princess+Princess+Cruises&srlimit=1
2026-02-14 20:31:29,368 - HC_Pipeline - ERROR - Wikipedia API error for Crown Princess: 403 Client Error: Forbidden for url: https://en.wikipedia.org/w/api.php?action=query&format=json&list=search&srsearch=Crown+Princess+Princess+Cruises&srlimit=1
2026-02-14 20:31:29,887 - HC_Pipeline - ERROR - Wikipedia API error for Emerald Princess: 403 Client Error: Forbidden for url: https://en.wikipedia.org/w/api.php?action=query&format=json&list=search&srsearch=Emerald+Princess+Princess+Cruises&srlimit=1
2026-02-14 20:31:30,383 - HC_Pipeline - ERROR - Wikipedia API error for Ruby Princess: 403 Client Error: Forbidden for url: https://en.wikipedia.org/w/api.php?action=query&format=json&list=search&srsearch=Ruby+Princess+Princess+Cruises&srlimit=1
2026-02-14 20:31:30,922 - HC_Pipeline - ERROR - Wikipedia API error for Sapphire Princess: 403 Client Error: Forbidden for url: https://en.wikipedia.org/w/api.php?action=query&format=json&list=search&srsearch=Sapphire+Princess+Princess+Cruises&srlimit=1
2026-02-14 20:31:31,432 - HC_Pipeline - ERROR - Wikipedia API error for Island Princess: 403 Client Error: Forbidden for url: https://en.wikipedia.org/w/api.php?action=query&format=json&list=search&srsearch=Island+Princess+Princess+Cruises&srlimit=1
2026-02-14 20:31:31,953 - HC_Pipeline - ERROR - Wikipedia API error for Coral Princess: 403 Client Error: Forbidden for url: https://en.wikipedia.org/w/api.php?action=query&format=json&list=search&srsearch=Coral+Princess+Princess+Cruises&srlimit=1
2026-02-14 20:31:32,498 - HC_Pipeline - ERROR - Wikipedia API error for Grand Princess: 403 Client Error: Forbidden for url: https://en.wikipedia.org/w/api.php?action=query&format=json&list=search&srsearch=Grand+Princess+Princess+Cruises&srlimit=1
2026-02-14 20:31:33,013 - HC_Pipeline - ERROR - Wikipedia API error for Celebrity Beyond: 403 Client Error: Forbidden for url: https://en.wikipedia.org/w/api.php?action=query&format=json&list=search&srsearch=Celebrity+Beyond+Celebrity+Cruises&srlimit=1
2026-02-14 20:31:33,539 - HC_Pipeline - ERROR - Wikipedia API error for Celebrity Apex: 403 Client Error: Forbidden for url: https://en.wikipedia.org/w/api.php?action=query&format=json&list=search&srsearch=Celebrity+Apex+Celebrity+Cruises&srlimit=1
2026-02-14 20:31:34,042 - HC_Pipeline - ERROR - Wikipedia API error for Celebrity Edge: 403 Client Error: Forbidden for url: https://en.wikipedia.org/w/api.php?action=query&format=json&list=search&srsearch=Celebrity+Edge+Celebrity+Cruises&srlimit=1
2026-02-14 20:31:34,568 - HC_Pipeline - ERROR - Wikipedia API error for Celebrity Reflection: 403 Client Error: Forbidden for url: https://en.wikipedia.org/w/api.php?action=query&format=json&list=search&srsearch=Celebrity+Reflection+Celebrity+Cruises&srlimit=1
2026-02-14 20:31:35,113 - HC_Pipeline - ERROR - Wikipedia API error for Celebrity Silhouette: 403 Client Error: Forbidden for url: https://en.wikipedia.org/w/api.php?action=query&format=json&list=search&srsearch=Celebrity+Silhouette+Celebrity+Cruises&srlimit=1
2026-02-14 20:31:35,648 - HC_Pipeline - ERROR - Wikipedia API error for Celebrity Eclipse: 403 Client Error: Forbidden for url: https://en.wikipedia.org/w/api.php?action=query&format=json&list=search&srsearch=Celebrity+Eclipse+Celebrity+Cruises&srlimit=1
2026-02-14 20:31:36,187 - HC_Pipeline - ERROR - Wikipedia API error for Celebrity Equinox: 403 Client Error: Forbidden for url: https://en.wikipedia.org/w/api.php?action=query&format=json&list=search&srsearch=Celebrity+Equinox+Celebrity+Cruises&srlimit=1
2026-02-14 20:31:36,728 - HC_Pipeline - ERROR - Wikipedia API error for Celebrity Solstice: 403 Client Error: Forbidden for url: https://en.wikipedia.org/w/api.php?action=query&format=json&list=search&srsearch=Celebrity+Solstice+Celebrity+Cruises&srlimit=1
2026-02-14 20:31:37,267 - HC_Pipeline - ERROR - Wikipedia API error for Celebrity Constellation: 403 Client Error: Forbidden for url: https://en.wikipedia.org/w/api.php?action=query&format=json&list=search&srsearch=Celebrity+Constellation+Celebrity+Cruises&srlimit=1
2026-02-14 20:31:37,812 - HC_Pipeline - ERROR - Wikipedia API error for Celebrity Summit: 403 Client Error: Forbidden for url: https://en.wikipedia.org/w/api.php?action=query&format=json&list=search&srsearch=Celebrity+Summit+Celebrity+Cruises&srlimit=1
2026-02-14 20:31:38,332 - HC_Pipeline - ERROR - Wikipedia API error for Celebrity Infinity: 403 Client Error: Forbidden for url: https://en.wikipedia.org/w/api.php?action=query&format=json&list=search&srsearch=Celebrity+Infinity+Celebrity+Cruises&srlimit=1
2026-02-14 20:31:38,870 - HC_Pipeline - ERROR - Wikipedia API error for Celebrity Millennium: 403 Client Error: Forbidden for url: https://en.wikipedia.org/w/api.php?action=query&format=json&list=search&srsearch=Celebrity+Millennium+Celebrity+Cruises&srlimit=1
2026-02-14 20:31:39,407 - HC_Pipeline - ERROR - Wikipedia API error for Rotterdam: 403 Client Error: Forbidden for url: https://en.wikipedia.org/w/api.php?action=query&format=json&list=search&srsearch=Rotterdam+Holland+America+Line&srlimit=1
2026-02-14 20:31:39,948 - HC_Pipeline - ERROR - Wikipedia API error for Nieuw Statendam: 403 Client Error: Forbidden for url: https://en.wikipedia.org/w/api.php?action=query&format=json&list=search&srsearch=Nieuw+Statendam+Holland+America+Line&srlimit=1
2026-02-14 20:31:40,478 - HC_Pipeline - ERROR - Wikipedia API error for Koningsdam: 403 Client Error: Forbidden for url: https://en.wikipedia.org/w/api.php?action=query&format=json&list=search&srsearch=Koningsdam+Holland+America+Line&srlimit=1
2026-02-14 20:31:40,990 - HC_Pipeline - ERROR - Wikipedia API error for Noordam: 403 Client Error: Forbidden for url: https://en.wikipedia.org/w/api.php?action=query&format=json&list=search&srsearch=Noordam+Holland+America+Line&srlimit=1
2026-02-14 20:31:41,531 - HC_Pipeline - ERROR - Wikipedia API error for Oosterdam: 403 Client Error: Forbidden for url: https://en.wikipedia.org/w/api.php?action=query&format=json&list=search&srsearch=Oosterdam+Holland+America+Line&srlimit=1
2026-02-14 20:31:42,076 - HC_Pipeline - ERROR - Wikipedia API error for Westerdam: 403 Client Error: Forbidden for url: https://en.wikipedia.org/w/api.php?action=query&format=json&list=search&srsearch=Westerdam+Holland+America+Line&srlimit=1
2026-02-14 20:31:42,612 - HC_Pipeline - ERROR - Wikipedia API error for Zuiderdam: 403 Client Error: Forbidden for url: https://en.wikipedia.org/w/api.php?action=query&format=json&list=search&srsearch=Zuiderdam+Holland+America+Line&srlimit=1
2026-02-14 20:31:43,112 - HC_Pipeline - ERROR - Wikipedia API error for Eurodam: 403 Client Error: Forbidden for url: https://en.wikipedia.org/w/api.php?action=query&format=json&list=search&srsearch=Eurodam+Holland+America+Line&srlimit=1
2026-02-14 20:31:43,647 - HC_Pipeline - ERROR - Wikipedia API error for Nieuw Amsterdam: 403 Client Error: Forbidden for url: https://en.wikipedia.org/w/api.php?action=query&format=json&list=search&srsearch=Nieuw+Amsterdam+Holland+America+Line&srlimit=1
2026-02-14 20:31:44,166 - HC_Pipeline - ERROR - Wikipedia API error for MSC World Europa: 403 Client Error: Forbidden for url: https://en.wikipedia.org/w/api.php?action=query&format=json&list=search&srsearch=MSC+World+Europa+MSC+Cruises&srlimit=1
2026-02-14 20:31:44,687 - HC_Pipeline - ERROR - Wikipedia API error for MSC Seascape: 403 Client Error: Forbidden for url: https://en.wikipedia.org/w/api.php?action=query&format=json&list=search&srsearch=MSC+Seascape+MSC+Cruises&srlimit=1
2026-02-14 20:31:45,212 - HC_Pipeline - ERROR - Wikipedia API error for MSC Seashore: 403 Client Error: Forbidden for url: https://en.wikipedia.org/w/api.php?action=query&format=json&list=search&srsearch=MSC+Seashore+MSC+Cruises&srlimit=1
2026-02-14 20:31:45,752 - HC_Pipeline - ERROR - Wikipedia API error for MSC Virtuosa: 403 Client Error: Forbidden for url: https://en.wikipedia.org/w/api.php?action=query&format=json&list=search&srsearch=MSC+Virtuosa+MSC+Cruises&srlimit=1
2026-02-14 20:31:46,272 - HC_Pipeline - ERROR - Wikipedia API error for MSC Grandiosa: 403 Client Error: Forbidden for url: https://en.wikipedia.org/w/api.php?action=query&format=json&list=search&srsearch=MSC+Grandiosa+MSC+Cruises&srlimit=1
2026-02-14 20:31:46,827 - HC_Pipeline - ERROR - Wikipedia API error for MSC Bellissima: 403 Client Error: Forbidden for url: https://en.wikipedia.org/w/api.php?action=query&format=json&list=search&srsearch=MSC+Bellissima+MSC+Cruises&srlimit=1
2026-02-14 20:31:47,347 - HC_Pipeline - ERROR - Wikipedia API error for MSC Seaview: 403 Client Error: Forbidden for url: https://en.wikipedia.org/w/api.php?action=query&format=json&list=search&srsearch=MSC+Seaview+MSC+Cruises&srlimit=1
2026-02-14 20:31:47,867 - HC_Pipeline - ERROR - Wikipedia API error for MSC Seaside: 403 Client Error: Forbidden for url: https://en.wikipedia.org/w/api.php?action=query&format=json&list=search&srsearch=MSC+Seaside+MSC+Cruises&srlimit=1
2026-02-14 20:31:48,387 - HC_Pipeline - ERROR - Wikipedia API error for MSC Meraviglia: 403 Client Error: Forbidden for url: https://en.wikipedia.org/w/api.php?action=query&format=json&list=search&srsearch=MSC+Meraviglia+MSC+Cruises&srlimit=1
2026-02-14 20:31:48,927 - HC_Pipeline - ERROR - Wikipedia API error for MSC Divina: 403 Client Error: Forbidden for url: https://en.wikipedia.org/w/api.php?action=query&format=json&list=search&srsearch=MSC+Divina+MSC+Cruises&srlimit=1
2026-02-14 20:31:49,473 - HC_Pipeline - ERROR - Wikipedia API error for MSC Preziosa: 403 Client Error: Forbidden for url: https://en.wikipedia.org/w/api.php?action=query&format=json&list=search&srsearch=MSC+Preziosa+MSC+Cruises&srlimit=1
2026-02-14 20:31:49,973 - HC_Pipeline - ERROR - Wikipedia API error for MSC Splendida: 403 Client Error: Forbidden for url: https://en.wikipedia.org/w/api.php?action=query&format=json&list=search&srsearch=MSC+Splendida+MSC+Cruises&srlimit=1
2026-02-14 20:31:49,974 - HC_Pipeline - INFO - Ship collection complete: 111 processed, 0 added, 0 errors
